[debug] [2020-03-31T16:28:03.747Z] ----------------------------------------------------------------------
[debug] [2020-03-31T16:28:03.748Z] Command:       C:\Program Files\nodejs\node.exe C:\Users\dhire\AppData\Roaming\npm\node_modules\firebase-tools\lib\bin\firebase.js init
[debug] [2020-03-31T16:28:03.748Z] CLI Version:   7.16.2
[debug] [2020-03-31T16:28:03.748Z] Platform:      win32
[debug] [2020-03-31T16:28:03.748Z] Node Version:  v13.9.0
[debug] [2020-03-31T16:28:03.749Z] Time:          Tue Mar 31 2020 17:28:03 GMT+0100 (British Summer Time)
[debug] [2020-03-31T16:28:03.749Z] ----------------------------------------------------------------------
[debug] [2020-03-31T16:28:03.749Z] 
[debug] [2020-03-31T16:28:03.753Z] > command requires scopes: ["email","openid","https://www.googleapis.com/auth/cloudplatformprojects.readonly","https://www.googleapis.com/auth/firebase","https://www.googleapis.com/auth/cloud-platform"]
[debug] [2020-03-31T16:28:03.753Z] > authorizing via signed-in user
[info] 
     ######## #### ########  ######## ########     ###     ######  ########
     ##        ##  ##     ## ##       ##     ##  ##   ##  ##       ##
     ######    ##  ########  ######   ########  #########  ######  ######
     ##        ##  ##    ##  ##       ##     ## ##     ##       ## ##
     ##       #### ##     ## ######## ########  ##     ##  ######  ########

You're about to initialize a Firebase project in this directory:

  C:\Users\dhire\development\budget-project-firebase

[info] 
=== Project Setup
[info] 
[info] First, let's associate this project directory with a Firebase project.
[info] You can create multiple project aliases by running firebase use --add, 
[info] but for now we'll just set up a default project.
[info] 
[debug] [2020-03-31T16:29:02.005Z] > refreshing access token with scopes: ["email","https://www.googleapis.com/auth/cloud-platform","https://www.googleapis.com/auth/cloudplatformprojects.readonly","https://www.googleapis.com/auth/firebase","openid"]
[debug] [2020-03-31T16:29:02.005Z] >>> HTTP REQUEST POST https://www.googleapis.com/oauth2/v3/token  
 <request body omitted>
[debug] [2020-03-31T16:29:02.160Z] <<< HTTP RESPONSE 200
[debug] [2020-03-31T16:29:02.164Z] >>> HTTP REQUEST GET https://firebase.googleapis.com/v1beta1/projects?pageSize=100  
 
[debug] [2020-03-31T16:29:02.541Z] <<< HTTP RESPONSE 200
[info] i  Using project personal-project-budget (personal-project-budget)
[info] 
=== Hosting Setup
[info] 
[info] Your public directory is the folder (relative to your project directory) that
[info] will contain Hosting assets to be uploaded with firebase deploy. If you
[info] have a build process for your assets, use your build's output directory.
[info] 
